<?xml version="1.0" encoding="UTF-8"?>
<!-- Generated by org.testng.reporters.JUnitXMLReporter -->
<testsuite ignored="0" hostname="DESKTOP-8EI85EI" failures="0" tests="3" name="Default test" time="90.168" errors="0" timestamp="24 Feb 2021 20:12:50 GMT">
  <testcase classname="com.tripadvisor.qa.testcases.ClubMahindraDetailsTest" name="pageScrollDownTest" time="7.464"/>
  <testcase classname="com.tripadvisor.qa.testcases.ClubMahindraDetailsTest" name="mousehoverOnReviewTest" time="18.759"/>
  <testcase classname="com.tripadvisor.qa.testcases.ClubMahindraDetailsTest" name="titleOfYourReviewTest" time="18.0"/>
</testsuite> <!-- Default test -->
