<?xml version="1.0" encoding="UTF-8"?>
<testng-results ignored="0" total="3" passed="3" failed="0" skipped="0">
  <reporter-output>
  </reporter-output>
  <suite started-at="2021-02-24T20:11:20Z" name="Default suite" finished-at="2021-02-24T20:12:50Z" duration-ms="90168">
    <groups>
    </groups>
    <test started-at="2021-02-24T20:11:20Z" name="Default test" finished-at="2021-02-24T20:12:50Z" duration-ms="90168">
      <class name="com.tripadvisor.qa.testcases.ClubMahindraDetailsTest">
        <test-method is-config="true" signature="setUp()[pri:0, instance:com.tripadvisor.qa.testcases.ClubMahindraDetailsTest@e4487af]" started-at="2021-02-25T01:41:20Z" name="setUp" finished-at="2021-02-25T01:41:37Z" duration-ms="16994" status="PASS">
          <reporter-output>
          </reporter-output>
        </test-method> <!-- setUp -->
        <test-method signature="pageScrollDownTest()[pri:1, instance:com.tripadvisor.qa.testcases.ClubMahindraDetailsTest@e4487af]" started-at="2021-02-25T01:41:37Z" name="pageScrollDownTest" finished-at="2021-02-25T01:41:44Z" duration-ms="7464" status="PASS">
          <reporter-output>
          </reporter-output>
        </test-method> <!-- pageScrollDownTest -->
        <test-method is-config="true" signature="tearDown()[pri:0, instance:com.tripadvisor.qa.testcases.ClubMahindraDetailsTest@e4487af]" started-at="2021-02-25T01:41:44Z" name="tearDown" finished-at="2021-02-25T01:41:45Z" duration-ms="903" status="PASS">
          <reporter-output>
          </reporter-output>
        </test-method> <!-- tearDown -->
        <test-method is-config="true" signature="setUp()[pri:0, instance:com.tripadvisor.qa.testcases.ClubMahindraDetailsTest@e4487af]" started-at="2021-02-25T01:41:45Z" name="setUp" finished-at="2021-02-25T01:41:58Z" duration-ms="12807" status="PASS">
          <reporter-output>
          </reporter-output>
        </test-method> <!-- setUp -->
        <test-method signature="mousehoverOnReviewTest()[pri:2, instance:com.tripadvisor.qa.testcases.ClubMahindraDetailsTest@e4487af]" started-at="2021-02-25T01:41:58Z" name="mousehoverOnReviewTest" finished-at="2021-02-25T01:42:16Z" duration-ms="18759" status="PASS">
          <reporter-output>
          </reporter-output>
        </test-method> <!-- mousehoverOnReviewTest -->
        <test-method is-config="true" signature="tearDown()[pri:0, instance:com.tripadvisor.qa.testcases.ClubMahindraDetailsTest@e4487af]" started-at="2021-02-25T01:42:16Z" name="tearDown" finished-at="2021-02-25T01:42:17Z" duration-ms="989" status="PASS">
          <reporter-output>
          </reporter-output>
        </test-method> <!-- tearDown -->
        <test-method is-config="true" signature="setUp()[pri:0, instance:com.tripadvisor.qa.testcases.ClubMahindraDetailsTest@e4487af]" started-at="2021-02-25T01:42:17Z" name="setUp" finished-at="2021-02-25T01:42:31Z" duration-ms="13214" status="PASS">
          <reporter-output>
          </reporter-output>
        </test-method> <!-- setUp -->
        <test-method signature="titleOfYourReviewTest()[pri:3, instance:com.tripadvisor.qa.testcases.ClubMahindraDetailsTest@e4487af]" started-at="2021-02-25T01:42:31Z" name="titleOfYourReviewTest" finished-at="2021-02-25T01:42:49Z" duration-ms="18000" status="PASS">
          <reporter-output>
          </reporter-output>
        </test-method> <!-- titleOfYourReviewTest -->
        <test-method is-config="true" signature="tearDown()[pri:0, instance:com.tripadvisor.qa.testcases.ClubMahindraDetailsTest@e4487af]" started-at="2021-02-25T01:42:49Z" name="tearDown" finished-at="2021-02-25T01:42:50Z" duration-ms="1004" status="PASS">
          <reporter-output>
          </reporter-output>
        </test-method> <!-- tearDown -->
      </class> <!-- com.tripadvisor.qa.testcases.ClubMahindraDetailsTest -->
    </test> <!-- Default test -->
  </suite> <!-- Default suite -->
</testng-results>
